[11-Jul-2023 22:44:24 UTC] PHP Warning:  An unexpected error occurred. Something may be wrong with WordPress.org or this server&#8217;s configuration. If you continue to have problems, please try the <a href="https://wordpress.org/support/forums/">support forums</a>. (WordPress could not establish a secure connection to WordPress.org. Please contact your server administrator.) in C:\Users\lenov\Local Sites\integral-business-machine-and-services\app\public\wp-admin\includes\translation-install.php on line 68
[11-Jul-2023 23:30:24 UTC] PHP Warning:  Attempt to read property "title" on null in C:\Users\lenov\Local Sites\integral-business-machine-and-services\app\public\wp-includes\class-wp-customize-widgets.php on line 905
[11-Jul-2023 23:41:04 UTC] PHP Parse error:  Unclosed '{' on line 3 in C:\Users\lenov\Local Sites\integral-business-machine-and-services\app\public\wp-content\themes\IntegralTheme\index.php on line 8
[11-Jul-2023 23:41:21 UTC] PHP Fatal error:  Uncaught Error: Call to undefined function have_post() in C:\Users\lenov\Local Sites\integral-business-machine-and-services\app\public\wp-content\themes\IntegralTheme\index.php:3
Stack trace:
#0 C:\Users\lenov\Local Sites\integral-business-machine-and-services\app\public\wp-includes\template-loader.php(106): include()
#1 C:\Users\lenov\Local Sites\integral-business-machine-and-services\app\public\wp-blog-header.php(19): require_once('C:\\Users\\lenov\\...')
#2 C:\Users\lenov\Local Sites\integral-business-machine-and-services\app\public\index.php(17): require('C:\\Users\\lenov\\...')
#3 {main}
  thrown in C:\Users\lenov\Local Sites\integral-business-machine-and-services\app\public\wp-content\themes\IntegralTheme\index.php on line 3
[11-Jul-2023 23:41:35 UTC] PHP Fatal error:  Uncaught Error: Call to undefined function have_post() in C:\Users\lenov\Local Sites\integral-business-machine-and-services\app\public\wp-content\themes\IntegralTheme\index.php:3
Stack trace:
#0 C:\Users\lenov\Local Sites\integral-business-machine-and-services\app\public\wp-includes\template-loader.php(106): include()
#1 C:\Users\lenov\Local Sites\integral-business-machine-and-services\app\public\wp-blog-header.php(19): require_once('C:\\Users\\lenov\\...')
#2 C:\Users\lenov\Local Sites\integral-business-machine-and-services\app\public\index.php(17): require('C:\\Users\\lenov\\...')
#3 {main}
  thrown in C:\Users\lenov\Local Sites\integral-business-machine-and-services\app\public\wp-content\themes\IntegralTheme\index.php on line 3
[11-Jul-2023 23:41:36 UTC] PHP Fatal error:  Uncaught Error: Call to undefined function have_post() in C:\Users\lenov\Local Sites\integral-business-machine-and-services\app\public\wp-content\themes\IntegralTheme\index.php:3
Stack trace:
#0 C:\Users\lenov\Local Sites\integral-business-machine-and-services\app\public\wp-includes\template-loader.php(106): include()
#1 C:\Users\lenov\Local Sites\integral-business-machine-and-services\app\public\wp-blog-header.php(19): require_once('C:\\Users\\lenov\\...')
#2 C:\Users\lenov\Local Sites\integral-business-machine-and-services\app\public\index.php(17): require('C:\\Users\\lenov\\...')
#3 {main}
  thrown in C:\Users\lenov\Local Sites\integral-business-machine-and-services\app\public\wp-content\themes\IntegralTheme\index.php on line 3
[11-Jul-2023 23:42:41 UTC] PHP Fatal error:  Uncaught Error: Call to undefined function have_post() in C:\Users\lenov\Local Sites\integral-business-machine-and-services\app\public\wp-content\themes\IntegralTheme\index.php:3
Stack trace:
#0 C:\Users\lenov\Local Sites\integral-business-machine-and-services\app\public\wp-includes\template-loader.php(106): include()
#1 C:\Users\lenov\Local Sites\integral-business-machine-and-services\app\public\wp-blog-header.php(19): require_once('C:\\Users\\lenov\\...')
#2 C:\Users\lenov\Local Sites\integral-business-machine-and-services\app\public\index.php(17): require('C:\\Users\\lenov\\...')
#3 {main}
  thrown in C:\Users\lenov\Local Sites\integral-business-machine-and-services\app\public\wp-content\themes\IntegralTheme\index.php on line 3
[11-Jul-2023 23:42:42 UTC] PHP Fatal error:  Uncaught Error: Call to undefined function have_post() in C:\Users\lenov\Local Sites\integral-business-machine-and-services\app\public\wp-content\themes\IntegralTheme\index.php:3
Stack trace:
#0 C:\Users\lenov\Local Sites\integral-business-machine-and-services\app\public\wp-includes\template-loader.php(106): include()
#1 C:\Users\lenov\Local Sites\integral-business-machine-and-services\app\public\wp-blog-header.php(19): require_once('C:\\Users\\lenov\\...')
#2 C:\Users\lenov\Local Sites\integral-business-machine-and-services\app\public\index.php(17): require('C:\\Users\\lenov\\...')
#3 {main}
  thrown in C:\Users\lenov\Local Sites\integral-business-machine-and-services\app\public\wp-content\themes\IntegralTheme\index.php on line 3
[11-Jul-2023 23:42:45 UTC] PHP Fatal error:  Uncaught Error: Call to undefined function have_post() in C:\Users\lenov\Local Sites\integral-business-machine-and-services\app\public\wp-content\themes\IntegralTheme\index.php:3
Stack trace:
#0 C:\Users\lenov\Local Sites\integral-business-machine-and-services\app\public\wp-includes\template-loader.php(106): include()
#1 C:\Users\lenov\Local Sites\integral-business-machine-and-services\app\public\wp-blog-header.php(19): require_once('C:\\Users\\lenov\\...')
#2 C:\Users\lenov\Local Sites\integral-business-machine-and-services\app\public\index.php(17): require('C:\\Users\\lenov\\...')
#3 {main}
  thrown in C:\Users\lenov\Local Sites\integral-business-machine-and-services\app\public\wp-content\themes\IntegralTheme\index.php on line 3
[17-Jul-2023 05:36:39 UTC] PHP Warning:  Attempt to read property "title" on null in C:\Users\lenov\Local Sites\integral-business-machine-and-services\app\public\wp-includes\class-wp-customize-widgets.php on line 905
[18-Jul-2023 06:47:55 UTC] PHP Parse error:  syntax error, unexpected identifier "wp_enqueue_style" in C:\Users\lenov\Local Sites\integral-business-machine-and-services\app\public\wp-content\themes\IntegralTheme\functions.php on line 4
[18-Jul-2023 06:47:56 UTC] PHP Parse error:  syntax error, unexpected identifier "wp_enqueue_style" in C:\Users\lenov\Local Sites\integral-business-machine-and-services\app\public\wp-content\themes\IntegralTheme\functions.php on line 4
[19-Jul-2023 06:39:34 UTC] PHP Fatal error:  Uncaught Error: Undefined constant "get" in C:\Users\lenov\Local Sites\integral-business-machine-and-services\app\public\wp-content\themes\IntegralTheme\footer.php:2
Stack trace:
#0 C:\Users\lenov\Local Sites\integral-business-machine-and-services\app\public\wp-includes\template.php(783): require_once()
#1 C:\Users\lenov\Local Sites\integral-business-machine-and-services\app\public\wp-includes\template.php(718): load_template('C:\\Users\\lenov\\...', true, Array)
#2 C:\Users\lenov\Local Sites\integral-business-machine-and-services\app\public\wp-includes\general-template.php(92): locate_template(Array, true, true, Array)
#3 C:\Users\lenov\Local Sites\integral-business-machine-and-services\app\public\wp-content\themes\IntegralTheme\index.php(12): get_footer()
#4 C:\Users\lenov\Local Sites\integral-business-machine-and-services\app\public\wp-includes\template-loader.php(106): include('C:\\Users\\lenov\\...')
#5 C:\Users\lenov\Local Sites\integral-business-machine-and-services\app\public\wp-blog-header.php(19): require_once('C:\\Users\\lenov\\...')
#6 C:\Users\lenov\Local Sites\integral-business-machine-and-services\app\public\index.php(17): require('C:\\Users\\lenov\\...')
#7 {main}
  thrown in C:\Users\lenov\Local Sites\integral-business-machine-and-services\app\public\wp-content\themes\IntegralTheme\footer.php on line 2
[19-Jul-2023 07:27:15 UTC] PHP Parse error:  syntax error, unexpected string content ") ?> ;)">", expecting ")" in C:\Users\lenov\Local Sites\integral-business-machine-and-services\app\public\wp-content\themes\IntegralTheme\index.php on line 77
[19-Jul-2023 07:27:31 UTC] PHP Parse error:  syntax error, unexpected token "/" in C:\Users\lenov\Local Sites\integral-business-machine-and-services\app\public\wp-content\themes\IntegralTheme\index.php on line 77
[19-Jul-2023 08:17:18 UTC] PHP Fatal error:  Uncaught Error: Call to undefined function wp_wnqueue_script() in C:\Users\lenov\Local Sites\integral-business-machine-and-services\app\public\wp-content\themes\IntegralTheme\functions.php:3
Stack trace:
#0 C:\Users\lenov\Local Sites\integral-business-machine-and-services\app\public\wp-includes\class-wp-hook.php(308): integral_files('')
#1 C:\Users\lenov\Local Sites\integral-business-machine-and-services\app\public\wp-includes\class-wp-hook.php(332): WP_Hook->apply_filters(NULL, Array)
#2 C:\Users\lenov\Local Sites\integral-business-machine-and-services\app\public\wp-includes\plugin.php(517): WP_Hook->do_action(Array)
#3 C:\Users\lenov\Local Sites\integral-business-machine-and-services\app\public\wp-includes\script-loader.php(2194): do_action('wp_enqueue_scri...')
#4 C:\Users\lenov\Local Sites\integral-business-machine-and-services\app\public\wp-includes\class-wp-hook.php(308): wp_enqueue_scripts('')
#5 C:\Users\lenov\Local Sites\integral-business-machine-and-services\app\public\wp-includes\class-wp-hook.php(332): WP_Hook->apply_filters(NULL, Array)
#6 C:\Users\lenov\Local Sites\integral-business-machine-and-services\app\public\wp-includes\plugin.php(517): WP_Hook->do_action(Array)
#7 C:\Users\lenov\Local Sites\integral-business-machine-and-services\app\public\wp-includes\general-template.php(3049): do_action('wp_head')
#8 C:\Users\lenov\Local Sites\integral-business-machine-and-services\app\public\wp-content\themes\IntegralTheme\header.php(4): wp_head()
#9 C:\Users\lenov\Local Sites\integral-business-machine-and-services\app\public\wp-includes\template.php(783): require_once('C:\\Users\\lenov\\...')
#10 C:\Users\lenov\Local Sites\integral-business-machine-and-services\app\public\wp-includes\template.php(718): load_template('C:\\Users\\lenov\\...', true, Array)
#11 C:\Users\lenov\Local Sites\integral-business-machine-and-services\app\public\wp-includes\general-template.php(48): locate_template(Array, true, true, Array)
#12 C:\Users\lenov\Local Sites\integral-business-machine-and-services\app\public\wp-content\themes\IntegralTheme\index.php(1): get_header()
#13 C:\Users\lenov\Local Sites\integral-business-machine-and-services\app\public\wp-includes\template-loader.php(106): include('C:\\Users\\lenov\\...')
#14 C:\Users\lenov\Local Sites\integral-business-machine-and-services\app\public\wp-blog-header.php(19): require_once('C:\\Users\\lenov\\...')
#15 C:\Users\lenov\Local Sites\integral-business-machine-and-services\app\public\index.php(17): require('C:\\Users\\lenov\\...')
#16 {main}
  thrown in C:\Users\lenov\Local Sites\integral-business-machine-and-services\app\public\wp-content\themes\IntegralTheme\functions.php on line 3
[19-Jul-2023 08:24:44 UTC] PHP Fatal error:  Uncaught Error: Call to undefined function wp_wnqueue_script() in C:\Users\lenov\Local Sites\integral-business-machine-and-services\app\public\wp-content\themes\IntegralTheme\functions.php:3
Stack trace:
#0 C:\Users\lenov\Local Sites\integral-business-machine-and-services\app\public\wp-includes\class-wp-hook.php(308): integral_files('')
#1 C:\Users\lenov\Local Sites\integral-business-machine-and-services\app\public\wp-includes\class-wp-hook.php(332): WP_Hook->apply_filters(NULL, Array)
#2 C:\Users\lenov\Local Sites\integral-business-machine-and-services\app\public\wp-includes\plugin.php(517): WP_Hook->do_action(Array)
#3 C:\Users\lenov\Local Sites\integral-business-machine-and-services\app\public\wp-includes\script-loader.php(2194): do_action('wp_enqueue_scri...')
#4 C:\Users\lenov\Local Sites\integral-business-machine-and-services\app\public\wp-includes\class-wp-hook.php(308): wp_enqueue_scripts('')
#5 C:\Users\lenov\Local Sites\integral-business-machine-and-services\app\public\wp-includes\class-wp-hook.php(332): WP_Hook->apply_filters(NULL, Array)
#6 C:\Users\lenov\Local Sites\integral-business-machine-and-services\app\public\wp-includes\plugin.php(517): WP_Hook->do_action(Array)
#7 C:\Users\lenov\Local Sites\integral-business-machine-and-services\app\public\wp-includes\general-template.php(3049): do_action('wp_head')
#8 C:\Users\lenov\Local Sites\integral-business-machine-and-services\app\public\wp-content\themes\IntegralTheme\header.php(4): wp_head()
#9 C:\Users\lenov\Local Sites\integral-business-machine-and-services\app\public\wp-includes\template.php(783): require_once('C:\\Users\\lenov\\...')
#10 C:\Users\lenov\Local Sites\integral-business-machine-and-services\app\public\wp-includes\template.php(718): load_template('C:\\Users\\lenov\\...', true, Array)
#11 C:\Users\lenov\Local Sites\integral-business-machine-and-services\app\public\wp-includes\general-template.php(48): locate_template(Array, true, true, Array)
#12 C:\Users\lenov\Local Sites\integral-business-machine-and-services\app\public\wp-content\themes\IntegralTheme\index.php(1): get_header()
#13 C:\Users\lenov\Local Sites\integral-business-machine-and-services\app\public\wp-includes\template-loader.php(106): include('C:\\Users\\lenov\\...')
#14 C:\Users\lenov\Local Sites\integral-business-machine-and-services\app\public\wp-blog-header.php(19): require_once('C:\\Users\\lenov\\...')
#15 C:\Users\lenov\Local Sites\integral-business-machine-and-services\app\public\index.php(17): require('C:\\Users\\lenov\\...')
#16 {main}
  thrown in C:\Users\lenov\Local Sites\integral-business-machine-and-services\app\public\wp-content\themes\IntegralTheme\functions.php on line 3
[19-Jul-2023 08:24:45 UTC] PHP Fatal error:  Uncaught Error: Call to undefined function wp_wnqueue_script() in C:\Users\lenov\Local Sites\integral-business-machine-and-services\app\public\wp-content\themes\IntegralTheme\functions.php:3
Stack trace:
#0 C:\Users\lenov\Local Sites\integral-business-machine-and-services\app\public\wp-includes\class-wp-hook.php(308): integral_files('')
#1 C:\Users\lenov\Local Sites\integral-business-machine-and-services\app\public\wp-includes\class-wp-hook.php(332): WP_Hook->apply_filters(NULL, Array)
#2 C:\Users\lenov\Local Sites\integral-business-machine-and-services\app\public\wp-includes\plugin.php(517): WP_Hook->do_action(Array)
#3 C:\Users\lenov\Local Sites\integral-business-machine-and-services\app\public\wp-includes\script-loader.php(2194): do_action('wp_enqueue_scri...')
#4 C:\Users\lenov\Local Sites\integral-business-machine-and-services\app\public\wp-includes\class-wp-hook.php(308): wp_enqueue_scripts('')
#5 C:\Users\lenov\Local Sites\integral-business-machine-and-services\app\public\wp-includes\class-wp-hook.php(332): WP_Hook->apply_filters(NULL, Array)
#6 C:\Users\lenov\Local Sites\integral-business-machine-and-services\app\public\wp-includes\plugin.php(517): WP_Hook->do_action(Array)
#7 C:\Users\lenov\Local Sites\integral-business-machine-and-services\app\public\wp-includes\general-template.php(3049): do_action('wp_head')
#8 C:\Users\lenov\Local Sites\integral-business-machine-and-services\app\public\wp-content\themes\IntegralTheme\header.php(4): wp_head()
#9 C:\Users\lenov\Local Sites\integral-business-machine-and-services\app\public\wp-includes\template.php(783): require_once('C:\\Users\\lenov\\...')
#10 C:\Users\lenov\Local Sites\integral-business-machine-and-services\app\public\wp-includes\template.php(718): load_template('C:\\Users\\lenov\\...', true, Array)
#11 C:\Users\lenov\Local Sites\integral-business-machine-and-services\app\public\wp-includes\general-template.php(48): locate_template(Array, true, true, Array)
#12 C:\Users\lenov\Local Sites\integral-business-machine-and-services\app\public\wp-content\themes\IntegralTheme\index.php(1): get_header()
#13 C:\Users\lenov\Local Sites\integral-business-machine-and-services\app\public\wp-includes\template-loader.php(106): include('C:\\Users\\lenov\\...')
#14 C:\Users\lenov\Local Sites\integral-business-machine-and-services\app\public\wp-blog-header.php(19): require_once('C:\\Users\\lenov\\...')
#15 C:\Users\lenov\Local Sites\integral-business-machine-and-services\app\public\index.php(17): require('C:\\Users\\lenov\\...')
#16 {main}
  thrown in C:\Users\lenov\Local Sites\integral-business-machine-and-services\app\public\wp-content\themes\IntegralTheme\functions.php on line 3
[19-Jul-2023 08:24:49 UTC] PHP Fatal error:  Uncaught Error: Call to undefined function wp_wnqueue_script() in C:\Users\lenov\Local Sites\integral-business-machine-and-services\app\public\wp-content\themes\IntegralTheme\functions.php:3
Stack trace:
#0 C:\Users\lenov\Local Sites\integral-business-machine-and-services\app\public\wp-includes\class-wp-hook.php(308): integral_files('')
#1 C:\Users\lenov\Local Sites\integral-business-machine-and-services\app\public\wp-includes\class-wp-hook.php(332): WP_Hook->apply_filters(NULL, Array)
#2 C:\Users\lenov\Local Sites\integral-business-machine-and-services\app\public\wp-includes\plugin.php(517): WP_Hook->do_action(Array)
#3 C:\Users\lenov\Local Sites\integral-business-machine-and-services\app\public\wp-includes\script-loader.php(2194): do_action('wp_enqueue_scri...')
#4 C:\Users\lenov\Local Sites\integral-business-machine-and-services\app\public\wp-includes\class-wp-hook.php(308): wp_enqueue_scripts('')
#5 C:\Users\lenov\Local Sites\integral-business-machine-and-services\app\public\wp-includes\class-wp-hook.php(332): WP_Hook->apply_filters(NULL, Array)
#6 C:\Users\lenov\Local Sites\integral-business-machine-and-services\app\public\wp-includes\plugin.php(517): WP_Hook->do_action(Array)
#7 C:\Users\lenov\Local Sites\integral-business-machine-and-services\app\public\wp-includes\general-template.php(3049): do_action('wp_head')
#8 C:\Users\lenov\Local Sites\integral-business-machine-and-services\app\public\wp-content\themes\IntegralTheme\header.php(4): wp_head()
#9 C:\Users\lenov\Local Sites\integral-business-machine-and-services\app\public\wp-includes\template.php(783): require_once('C:\\Users\\lenov\\...')
#10 C:\Users\lenov\Local Sites\integral-business-machine-and-services\app\public\wp-includes\template.php(718): load_template('C:\\Users\\lenov\\...', true, Array)
#11 C:\Users\lenov\Local Sites\integral-business-machine-and-services\app\public\wp-includes\general-template.php(48): locate_template(Array, true, true, Array)
#12 C:\Users\lenov\Local Sites\integral-business-machine-and-services\app\public\wp-content\themes\IntegralTheme\index.php(1): get_header()
#13 C:\Users\lenov\Local Sites\integral-business-machine-and-services\app\public\wp-includes\template-loader.php(106): include('C:\\Users\\lenov\\...')
#14 C:\Users\lenov\Local Sites\integral-business-machine-and-services\app\public\wp-blog-header.php(19): require_once('C:\\Users\\lenov\\...')
#15 C:\Users\lenov\Local Sites\integral-business-machine-and-services\app\public\index.php(17): require('C:\\Users\\lenov\\...')
#16 {main}
  thrown in C:\Users\lenov\Local Sites\integral-business-machine-and-services\app\public\wp-content\themes\IntegralTheme\functions.php on line 3
[14-Aug-2023 04:07:21 UTC] PHP Parse error:  syntax error, unexpected token "<" in C:\Users\lenov\Local Sites\integral-business-machine-and-services\app\public\wp-content\themes\IntegralTheme\page.php on line 21
[14-Aug-2023 05:19:37 UTC] PHP Parse error:  syntax error, unexpected token ">" in C:\Users\lenov\Local Sites\integral-business-machine-and-services\app\public\wp-content\themes\IntegralTheme\page.php on line 45
[14-Aug-2023 06:00:23 UTC] PHP Warning:  Attempt to read property "title" on null in C:\Users\lenov\Local Sites\integral-business-machine-and-services\app\public\wp-includes\class-wp-customize-widgets.php on line 905
[14-Aug-2023 06:00:31 UTC] PHP Warning:  Attempt to read property "title" on null in C:\Users\lenov\Local Sites\integral-business-machine-and-services\app\public\wp-includes\class-wp-customize-widgets.php on line 905
[14-Aug-2023 06:04:36 UTC] PHP Parse error:  syntax error, unexpected double-quoted string " ?> >" in C:\Users\lenov\Local Sites\integral-business-machine-and-services\app\public\wp-content\themes\IntegralTheme\header.php on line 5
[15-Aug-2023 06:40:10 UTC] PHP Fatal error:  Uncaught Error: Call to undefined function wp_get_the_id() in C:\Users\lenov\Local Sites\integral-business-machine-and-services\app\public\wp-content\themes\IntegralTheme\header.php:21
Stack trace:
#0 C:\Users\lenov\Local Sites\integral-business-machine-and-services\app\public\wp-includes\template.php(785): require_once()
#1 C:\Users\lenov\Local Sites\integral-business-machine-and-services\app\public\wp-includes\template.php(720): load_template('C:\\Users\\lenov\\...', true, Array)
#2 C:\Users\lenov\Local Sites\integral-business-machine-and-services\app\public\wp-includes\general-template.php(48): locate_template(Array, true, true, Array)
#3 C:\Users\lenov\Local Sites\integral-business-machine-and-services\app\public\wp-content\themes\IntegralTheme\page.php(3): get_header()
#4 C:\Users\lenov\Local Sites\integral-business-machine-and-services\app\public\wp-includes\template-loader.php(106): include('C:\\Users\\lenov\\...')
#5 C:\Users\lenov\Local Sites\integral-business-machine-and-services\app\public\wp-blog-header.php(19): require_once('C:\\Users\\lenov\\...')
#6 C:\Users\lenov\Local Sites\integral-business-machine-and-services\app\public\index.php(17): require('C:\\Users\\lenov\\...')
#7 {main}
  thrown in C:\Users\lenov\Local Sites\integral-business-machine-and-services\app\public\wp-content\themes\IntegralTheme\header.php on line 21
[15-Aug-2023 06:40:16 UTC] PHP Fatal error:  Uncaught Error: Call to undefined function wp_get_the_id() in C:\Users\lenov\Local Sites\integral-business-machine-and-services\app\public\wp-content\themes\IntegralTheme\header.php:21
Stack trace:
#0 C:\Users\lenov\Local Sites\integral-business-machine-and-services\app\public\wp-includes\template.php(785): require_once()
#1 C:\Users\lenov\Local Sites\integral-business-machine-and-services\app\public\wp-includes\template.php(720): load_template('C:\\Users\\lenov\\...', true, Array)
#2 C:\Users\lenov\Local Sites\integral-business-machine-and-services\app\public\wp-includes\general-template.php(48): locate_template(Array, true, true, Array)
#3 C:\Users\lenov\Local Sites\integral-business-machine-and-services\app\public\wp-content\themes\IntegralTheme\page.php(3): get_header()
#4 C:\Users\lenov\Local Sites\integral-business-machine-and-services\app\public\wp-includes\template-loader.php(106): include('C:\\Users\\lenov\\...')
#5 C:\Users\lenov\Local Sites\integral-business-machine-and-services\app\public\wp-blog-header.php(19): require_once('C:\\Users\\lenov\\...')
#6 C:\Users\lenov\Local Sites\integral-business-machine-and-services\app\public\index.php(17): require('C:\\Users\\lenov\\...')
#7 {main}
  thrown in C:\Users\lenov\Local Sites\integral-business-machine-and-services\app\public\wp-content\themes\IntegralTheme\header.php on line 21
[15-Aug-2023 06:40:21 UTC] PHP Fatal error:  Uncaught Error: Call to undefined function wp_get_the_id() in C:\Users\lenov\Local Sites\integral-business-machine-and-services\app\public\wp-content\themes\IntegralTheme\header.php:21
Stack trace:
#0 C:\Users\lenov\Local Sites\integral-business-machine-and-services\app\public\wp-includes\template.php(785): require_once()
#1 C:\Users\lenov\Local Sites\integral-business-machine-and-services\app\public\wp-includes\template.php(720): load_template('C:\\Users\\lenov\\...', true, Array)
#2 C:\Users\lenov\Local Sites\integral-business-machine-and-services\app\public\wp-includes\general-template.php(48): locate_template(Array, true, true, Array)
#3 C:\Users\lenov\Local Sites\integral-business-machine-and-services\app\public\wp-content\themes\IntegralTheme\page.php(3): get_header()
#4 C:\Users\lenov\Local Sites\integral-business-machine-and-services\app\public\wp-includes\template-loader.php(106): include('C:\\Users\\lenov\\...')
#5 C:\Users\lenov\Local Sites\integral-business-machine-and-services\app\public\wp-blog-header.php(19): require_once('C:\\Users\\lenov\\...')
#6 C:\Users\lenov\Local Sites\integral-business-machine-and-services\app\public\index.php(17): require('C:\\Users\\lenov\\...')
#7 {main}
  thrown in C:\Users\lenov\Local Sites\integral-business-machine-and-services\app\public\wp-content\themes\IntegralTheme\header.php on line 21
[15-Aug-2023 06:41:46 UTC] PHP Fatal error:  Uncaught Error: Undefined constant "get_the_ID" in C:\Users\lenov\Local Sites\integral-business-machine-and-services\app\public\wp-content\themes\IntegralTheme\header.php:21
Stack trace:
#0 C:\Users\lenov\Local Sites\integral-business-machine-and-services\app\public\wp-includes\template.php(785): require_once()
#1 C:\Users\lenov\Local Sites\integral-business-machine-and-services\app\public\wp-includes\template.php(720): load_template('C:\\Users\\lenov\\...', true, Array)
#2 C:\Users\lenov\Local Sites\integral-business-machine-and-services\app\public\wp-includes\general-template.php(48): locate_template(Array, true, true, Array)
#3 C:\Users\lenov\Local Sites\integral-business-machine-and-services\app\public\wp-content\themes\IntegralTheme\index.php(1): get_header()
#4 C:\Users\lenov\Local Sites\integral-business-machine-and-services\app\public\wp-includes\template-loader.php(106): include('C:\\Users\\lenov\\...')
#5 C:\Users\lenov\Local Sites\integral-business-machine-and-services\app\public\wp-blog-header.php(19): require_once('C:\\Users\\lenov\\...')
#6 C:\Users\lenov\Local Sites\integral-business-machine-and-services\app\public\index.php(17): require('C:\\Users\\lenov\\...')
#7 {main}
  thrown in C:\Users\lenov\Local Sites\integral-business-machine-and-services\app\public\wp-content\themes\IntegralTheme\header.php on line 21
